2024-11-13 00:00:00,826 [INFO] UtilMem:75 - End SaveConfig() Used Memory: 643565912 Bytes (1073741824)
2024-11-13 00:00:02,087 [INFO] UtilMem:75 - End SaveConfig() Used Memory: 682889560 Bytes (1073741824)
2024-11-13 00:00:02,175 [INFO] BlockDiagram:2766 - set Specific Code input for plugin: NVIC
2024-11-13 00:00:02,175 [INFO] BlockDiagram:2766 - set Specific Code input for plugin: SYS
2024-11-13 00:00:02,175 [INFO] BlockDiagram:2766 - set Specific Code input for plugin: RCC
2024-11-13 00:00:02,175 [INFO] BlockDiagram:2766 - set Specific Code input for plugin: TIM1_8F1
2024-11-13 00:00:02,176 [INFO] CodeGenerator:807 - code generatio: config db path: C:\STM32\STM32CubeIDE_1.16.0\STM32CubeIDE\plugins\com.st.stm32cube.common.mx_6.12.0.202406281431\\db\
2024-11-13 00:00:02,238 [INFO] CodeEngine:255 - oldGeneratedFile, D:\STM32\STM32LAB3\LAB3\LAB3_BUTTON\MXTmpFiles\license.tmp_save
2024-11-13 00:00:02,348 [INFO] CodeEngine:279 - Generated code: D:\STM32\STM32LAB3\LAB3\LAB3_BUTTON\MXTmpFiles\license.tmp
2024-11-13 00:00:02,368 [INFO] CodeEngine:255 - oldGeneratedFile, D:\STM32\STM32LAB3\LAB3\LAB3_BUTTON\Core\Src\stm32f1xx_it.c_save
2024-11-13 00:00:02,579 [INFO] CodeEngine:279 - Generated code: D:\STM32\STM32LAB3\LAB3\LAB3_BUTTON\Core\Src\stm32f1xx_it.c
2024-11-13 00:00:02,583 [INFO] CodeEngine:255 - oldGeneratedFile, D:\STM32\STM32LAB3\LAB3\LAB3_BUTTON\Core\Inc\stm32f1xx_it.h_save
2024-11-13 00:00:02,644 [INFO] CodeEngine:279 - Generated code: D:\STM32\STM32LAB3\LAB3\LAB3_BUTTON\Core\Inc\stm32f1xx_it.h
2024-11-13 00:00:02,668 [INFO] CodeEngine:255 - oldGeneratedFile, D:\STM32\STM32LAB3\LAB3\LAB3_BUTTON\Core\Src\stm32f1xx_hal_msp.c_save
2024-11-13 00:00:02,790 [INFO] CodeEngine:279 - Generated code: D:\STM32\STM32LAB3\LAB3\LAB3_BUTTON\Core\Src\stm32f1xx_hal_msp.c
2024-11-13 00:00:02,795 [INFO] CodeEngine:255 - oldGeneratedFile, D:\STM32\STM32LAB3\LAB3\LAB3_BUTTON\MXTmpFiles\system.tmp_save
2024-11-13 00:00:02,860 [INFO] CodeEngine:279 - Generated code: D:\STM32\STM32LAB3\LAB3\LAB3_BUTTON\MXTmpFiles\system.tmp
2024-11-13 00:00:02,871 [INFO] CodeEngine:311 - oldGeneratedFile, D:\STM32\STM32LAB3\LAB3\LAB3_BUTTON\Core\Inc\stm32f1xx_hal_conf.h_save
2024-11-13 00:00:02,930 [INFO] CodeEngine:335 - Generated code: D:\STM32\STM32LAB3\LAB3\LAB3_BUTTON\Core\Inc\stm32f1xx_hal_conf.h
2024-11-13 00:00:02,935 [WARN] IPConfigManager:3554 - IP not found : TIM
2024-11-13 00:00:02,936 [WARN] CodeGenerator:4002 - IP not found : null
2024-11-13 00:00:02,942 [INFO] CodeEngine:255 - oldGeneratedFile, D:\STM32\STM32LAB3\LAB3\LAB3_BUTTON\Core\Inc\main.h_save
2024-11-13 00:00:03,002 [INFO] CodeEngine:279 - Generated code: D:\STM32\STM32LAB3\LAB3\LAB3_BUTTON\Core\Inc\main.h
2024-11-13 00:00:03,008 [INFO] CodeEngine:255 - oldGeneratedFile, D:\STM32\STM32LAB3\LAB3\LAB3_BUTTON\Core\Src\main.c_save
2024-11-13 00:00:03,102 [INFO] CodeEngine:279 - Generated code: D:\STM32\STM32LAB3\LAB3\LAB3_BUTTON\Core\Src\main.c
2024-11-13 00:00:03,388 [INFO] ProjectBuilder:3249 - Time for Copy HAL[1] : 119mS.
2024-11-13 00:00:03,390 [INFO] ProjectBuilder:4828 - Project Generator version: 4.4.0-B60
2024-11-13 00:00:03,444 [INFO] ConfigFileManager:1531 - The Die is : DIE412
2024-11-13 00:00:04,148 [INFO] ProjectBuilder:5097 - Time for Generating toolchain IDE Files: 758mS.
2024-11-13 00:00:04,148 [INFO] ProjectBuilder:3107 - Time for Copy CMSIS : 0mS.
2024-11-13 00:00:04,149 [INFO] ProjectBuilder:3107 - Time for Copy CMSIS : 0mS.
